#0 building with "default" instance using docker driver

#1 [internal] load build definition from Dockerfile
#1 transferring dockerfile: 1.36kB done
#1 DONE 0.0s

#2 [internal] load metadata for docker.io/library/node:22-alpine
#2 DONE 0.2s

#3 [internal] load .dockerignore
#3 transferring context: 2B done
#3 DONE 0.0s

#4 [base 1/1] FROM docker.io/library/node:22-alpine@sha256:e4bf2a82ad0a4037d28035ae71529873c069b13eb0455466ae0bc13363826e34
#4 DONE 0.0s

#5 [deps 1/6] WORKDIR /app
#5 CACHED

#6 [internal] load build context
#6 transferring context: 41.95kB 0.0s done
#6 DONE 0.0s

#7 [deps 2/6] COPY package.json package-lock.json ./
#7 DONE 0.1s

#8 [runner 2/7] RUN addgroup --system --gid 1001 nodejs
#8 DONE 0.2s

#9 [deps 3/6] COPY frontend/package.json ./frontend/
#9 DONE 0.0s

#10 [deps 4/6] COPY backend/package.json ./backend/
#10 DONE 0.1s

#11 [deps 5/6] COPY shared/package.json ./shared/
#11 DONE 0.1s

#12 [runner 3/7] RUN adduser --system --uid 1001 fastify
#12 DONE 0.2s

#13 [deps 6/6] RUN npm ci
#13 8.561 
#13 8.561 added 486 packages, and audited 490 packages in 8s
#13 8.561 
#13 8.561 176 packages are looking for funding
#13 8.561   run `npm fund` for details
#13 8.562 
#13 8.562 found 0 vulnerabilities
#13 8.564 npm notice
#13 8.564 npm notice New major version of npm available! 10.9.4 -> 11.10.0
#13 8.564 npm notice Changelog: https://github.com/npm/cli/releases/tag/v11.10.0
#13 8.564 npm notice To update run: npm install -g npm@11.10.0
#13 8.564 npm notice
#13 DONE 9.0s

#14 [builder 2/7] COPY --from=deps /app/node_modules ./node_modules
#14 DONE 2.0s

#15 [builder 3/7] COPY shared ./shared
#15 DONE 0.2s

#16 [builder 4/7] COPY backend ./backend
#16 DONE 0.1s

#17 [builder 5/7] COPY package.json package-lock.json ./
#17 DONE 0.1s

#18 [builder 6/7] WORKDIR /app/backend
#18 DONE 0.0s

#19 [builder 7/7] RUN npm run build
#19 0.466 
#19 0.466 > backend@1.0.0 build
#19 0.466 > tsup src/index.ts --format esm --clean --dts --no-external @flowtiq/shared
#19 0.466 
#19 0.518 CACError: option `--external <name>` value is missing
#19 0.518     at Command.checkOptionValue (/app/node_modules/cac/dist/index.js:417:17)
#19 0.518     at CAC.runMatchedCommand (/app/node_modules/cac/dist/index.js:603:13)
#19 0.518     at main (/app/node_modules/tsup/dist/chunk-DI5BO6XE.js:148:13)
#19 0.518     at Object.<anonymous> (/app/node_modules/tsup/dist/cli-default.js:12:23)
#19 0.518     at Module._compile (node:internal/modules/cjs/loader:1706:14)
#19 0.518     at Object..js (node:internal/modules/cjs/loader:1839:10)
#19 0.518     at Module.load (node:internal/modules/cjs/loader:1441:32)
#19 0.518     at Function._load (node:internal/modules/cjs/loader:1263:12)
#19 0.518     at TracingChannel.traceSync (node:diagnostics_channel:328:14)
#19 0.518     at wrapModuleLoad (node:internal/modules/cjs/loader:237:24)
#19 0.524 npm error Lifecycle script `build` failed with error:
#19 0.524 npm error code 1
#19 0.524 npm error path /app/backend
#19 0.524 npm error workspace backend@1.0.0
#19 0.524 npm error location /app/backend
#19 0.524 npm error command failed
#19 0.524 npm error command sh -c tsup src/index.ts --format esm --clean --dts --no-external @flowtiq/shared
#19 ERROR: process "/bin/sh -c npm run build" did not complete successfully: exit code: 1
------
 > [builder 7/7] RUN npm run build:
0.518     at Function._load (node:internal/modules/cjs/loader:1263:12)
0.518     at TracingChannel.traceSync (node:diagnostics_channel:328:14)
0.518     at wrapModuleLoad (node:internal/modules/cjs/loader:237:24)
0.524 npm error Lifecycle script `build` failed with error:
0.524 npm error code 1
0.524 npm error path /app/backend
0.524 npm error workspace backend@1.0.0
0.524 npm error location /app/backend
0.524 npm error command failed
0.524 npm error command sh -c tsup src/index.ts --format esm --clean --dts --no-external @flowtiq/shared
------

 [33m3 warnings found (use docker --debug to expand):
[0m - LegacyKeyValueFormat: "ENV key=value" should be used instead of legacy "ENV key value" format (line 44)
 - LegacyKeyValueFormat: "ENV key=value" should be used instead of legacy "ENV key value" format (line 45)
 - LegacyKeyValueFormat: "ENV key=value" should be used instead of legacy "ENV key value" format (line 26)
Dockerfile:21
--------------------
  19 |     
  20 |     WORKDIR /app/backend
  21 | >>> RUN npm run build
  22 |     
  23 |     # Stage 3: Production server
--------------------
ERROR: failed to build: failed to solve: process "/bin/sh -c npm run build" did not complete successfully: exit code: 1
